2020-10-06 23:07:32,988 - root - INFO - ** Kedro project kedro-tutorial
2020-10-06 23:07:33,004 - kedro.versioning.journal - WARNING - Unable to git describe /home/neurlap/Documents/GitHub/kedro-examples/kedro-tutorial
2020-10-06 23:07:35,062 - google.cloud.bigquery.opentelemetry_tracing - INFO - This service is instrumented using OpenTelemetry.OpenTelemetry could not be imported; pleaseadd opentelemetry-api and opentelemetry-instrumentationpackages in order to get BigQuery Tracing data.
2020-10-06 23:24:26,227 - root - INFO - ** Kedro project kedro-tutorial
2020-10-06 23:24:26,567 - google.cloud.bigquery.opentelemetry_tracing - INFO - This service is instrumented using OpenTelemetry.OpenTelemetry could not be imported; pleaseadd opentelemetry-api and opentelemetry-instrumentationpackages in order to get BigQuery Tracing data.
2020-10-07 00:51:07,383 - root - INFO - ** Kedro project kedro-tutorial
2020-10-07 01:08:56,117 - root - INFO - ** Kedro project kedro-tutorial
2020-10-07 01:08:56,454 - google.cloud.bigquery.opentelemetry_tracing - INFO - This service is instrumented using OpenTelemetry.OpenTelemetry could not be imported; pleaseadd opentelemetry-api and opentelemetry-instrumentationpackages in order to get BigQuery Tracing data.
2020-10-07 01:14:26,351 - root - INFO - ** Kedro project kedro-tutorial
2020-10-07 01:14:26,561 - google.cloud.bigquery.opentelemetry_tracing - INFO - This service is instrumented using OpenTelemetry.OpenTelemetry could not be imported; pleaseadd opentelemetry-api and opentelemetry-instrumentationpackages in order to get BigQuery Tracing data.
2020-10-07 01:16:06,603 - root - INFO - ** Kedro project kedro-tutorial
2020-10-07 01:16:06,809 - google.cloud.bigquery.opentelemetry_tracing - INFO - This service is instrumented using OpenTelemetry.OpenTelemetry could not be imported; pleaseadd opentelemetry-api and opentelemetry-instrumentationpackages in order to get BigQuery Tracing data.
2020-10-07 01:16:07,024 - kedro.io.data_catalog - INFO - Loading data from `wdbc` (CSVDataSet)...
2020-10-07 01:16:07,142 - kedro.pipeline.node - INFO - Running node: creating_features: create_features([wdbc]) -> [features]
2020-10-07 01:16:07,225 - kedro_tutorial.pipelines.data_engineering.nodes - INFO - Running 'create_features' took 0.08 seconds
2020-10-07 01:16:07,226 - kedro_tutorial.pipelines.data_engineering.nodes - INFO - Running 'create_features' took 0.08 seconds
2020-10-07 01:16:07,226 - kedro.io.data_catalog - INFO - Saving data to `features` (CSVDataSet)...
2020-10-07 01:16:07,245 - kedro.runner.sequential_runner - INFO - Completed 1 out of 5 tasks
2020-10-07 01:16:07,246 - kedro.io.data_catalog - INFO - Loading data from `wdbc` (CSVDataSet)...
2020-10-07 01:16:07,255 - kedro.pipeline.node - INFO - Running node: creating_labels: create_labels([wdbc]) -> [labels]
2020-10-07 01:16:07,257 - kedro_tutorial.pipelines.data_engineering.nodes - INFO - Running 'create_labels' took 0.00 seconds
2020-10-07 01:16:07,257 - kedro_tutorial.pipelines.data_engineering.nodes - INFO - Running 'create_labels' took 0.00 seconds
2020-10-07 01:16:07,257 - kedro.io.data_catalog - INFO - Saving data to `labels` (CSVDataSet)...
2020-10-07 01:16:07,261 - kedro.runner.sequential_runner - INFO - Completed 2 out of 5 tasks
2020-10-07 01:16:07,261 - kedro.io.data_catalog - INFO - Loading data from `features` (CSVDataSet)...
2020-10-07 01:16:07,264 - kedro.io.data_catalog - INFO - Loading data from `labels` (CSVDataSet)...
2020-10-07 01:16:07,267 - kedro.io.data_catalog - INFO - Loading data from `parameters` (MemoryDataSet)...
2020-10-07 01:16:07,267 - kedro.pipeline.node - INFO - Running node: split_data([features,labels,parameters]) -> [X_test,X_train,y_test,y_train]
2020-10-07 01:16:07,289 - kedro_tutorial.pipelines.data_engineering.nodes - INFO - Running 'split_data' took 0.02 seconds
2020-10-07 01:16:07,290 - kedro.io.data_catalog - INFO - Saving data to `X_train` (MemoryDataSet)...
2020-10-07 01:16:07,290 - kedro.io.data_catalog - INFO - Saving data to `X_test` (MemoryDataSet)...
2020-10-07 01:16:07,290 - kedro.io.data_catalog - INFO - Saving data to `y_train` (MemoryDataSet)...
2020-10-07 01:16:07,291 - kedro.io.data_catalog - INFO - Saving data to `y_test` (MemoryDataSet)...
2020-10-07 01:16:07,292 - kedro.runner.sequential_runner - INFO - Completed 3 out of 5 tasks
2020-10-07 01:16:07,292 - kedro.io.data_catalog - INFO - Loading data from `X_train` (MemoryDataSet)...
2020-10-07 01:16:07,292 - kedro.io.data_catalog - INFO - Loading data from `y_train` (MemoryDataSet)...
2020-10-07 01:16:07,293 - kedro.pipeline.node - INFO - Running node: train_model([X_train,y_train]) -> [model]
2020-10-07 01:16:10,311 - kedro_tutorial.pipelines.data_engineering.nodes - INFO - Running 'train_model' took 3.02 seconds
2020-10-07 01:16:10,311 - kedro.io.data_catalog - INFO - Saving data to `model` (TensorFlowModelDataset)...
2020-10-07 01:16:10,560 - tensorflow - WARNING - From /home/neurlap/.pyenv/versions/kedro/lib/python3.8/site-packages/tensorflow/python/training/tracking/tracking.py:111: Model.state_updates (from tensorflow.python.keras.engine.training) is deprecated and will be removed in a future version.
Instructions for updating:
This property should not be used in TensorFlow 2.0, as updates are applied automatically.
2020-10-07 01:16:10,566 - tensorflow - WARNING - From /home/neurlap/.pyenv/versions/kedro/lib/python3.8/site-packages/tensorflow/python/training/tracking/tracking.py:111: Layer.updates (from tensorflow.python.keras.engine.base_layer) is deprecated and will be removed in a future version.
Instructions for updating:
This property should not be used in TensorFlow 2.0, as updates are applied automatically.
2020-10-07 01:16:11,307 - tensorflow - INFO - Assets written to: /tmp/kedro_tensorflow_tmpyx896rq1/assets
2020-10-07 01:16:11,338 - kedro.runner.sequential_runner - INFO - Completed 4 out of 5 tasks
2020-10-07 01:16:11,339 - kedro.io.data_catalog - INFO - Loading data from `model` (TensorFlowModelDataset)...
2020-10-07 01:16:11,819 - kedro.io.data_catalog - INFO - Loading data from `X_test` (MemoryDataSet)...
2020-10-07 01:16:11,820 - kedro.io.data_catalog - INFO - Loading data from `y_test` (MemoryDataSet)...
2020-10-07 01:16:11,820 - kedro.pipeline.node - INFO - Running node: evaluate_model([X_test,model,y_test]) -> None
2020-10-07 01:16:11,979 - kedro_tutorial.pipelines.data_engineering.nodes - INFO - Running 'evaluate_model' took 0.16 seconds
2020-10-07 01:16:11,979 - kedro.runner.sequential_runner - INFO - Completed 5 out of 5 tasks
2020-10-07 01:16:11,980 - kedro.runner.sequential_runner - INFO - Pipeline execution completed successfully.
2020-10-07 01:34:53,491 - google.cloud.bigquery.opentelemetry_tracing - INFO - This service is instrumented using OpenTelemetry.OpenTelemetry could not be imported; pleaseadd opentelemetry-api and opentelemetry-instrumentationpackages in order to get BigQuery Tracing data.
2020-10-07 01:34:54,304 - werkzeug - INFO -  * Running on http://127.0.0.1:4141/ (Press CTRL+C to quit)
2020-10-07 01:34:54,477 - werkzeug - INFO - 127.0.0.1 - - [07/Oct/2020 01:34:54] "[37mGET / HTTP/1.1[0m" 200 -
2020-10-07 01:34:54,519 - werkzeug - INFO - 127.0.0.1 - - [07/Oct/2020 01:34:54] "[37mGET /static/css/2.9fdcc280.chunk.css HTTP/1.1[0m" 200 -
2020-10-07 01:34:54,520 - werkzeug - INFO - 127.0.0.1 - - [07/Oct/2020 01:34:54] "[37mGET /static/css/main.e041e981.chunk.css HTTP/1.1[0m" 200 -
2020-10-07 01:34:54,529 - werkzeug - INFO - 127.0.0.1 - - [07/Oct/2020 01:34:54] "[37mGET /static/js/2.9a28e843.chunk.js HTTP/1.1[0m" 200 -
2020-10-07 01:34:54,530 - werkzeug - INFO - 127.0.0.1 - - [07/Oct/2020 01:34:54] "[37mGET /static/js/main.03d37b38.chunk.js HTTP/1.1[0m" 200 -
2020-10-07 01:34:54,955 - werkzeug - INFO - 127.0.0.1 - - [07/Oct/2020 01:34:54] "[37mGET /api/main HTTP/1.1[0m" 200 -
2020-10-07 01:34:54,993 - werkzeug - INFO - 127.0.0.1 - - [07/Oct/2020 01:34:54] "[37mGET /favicon.ico HTTP/1.1[0m" 200 -
2020-10-07 01:34:54,997 - werkzeug - INFO - 127.0.0.1 - - [07/Oct/2020 01:34:54] "[37mGET /static/media/brodyquest.6259cc84.mp3 HTTP/1.1[0m" 206 -
2020-10-07 02:02:46,381 - root - INFO - ** Kedro project kedro-tutorial
2020-10-07 02:02:46,733 - google.cloud.bigquery.opentelemetry_tracing - INFO - This service is instrumented using OpenTelemetry.OpenTelemetry could not be imported; pleaseadd opentelemetry-api and opentelemetry-instrumentationpackages in order to get BigQuery Tracing data.
2020-10-07 02:02:46,850 - kedro.io.data_catalog - INFO - Loading data from `wdbc` (CSVDataSet)...
2020-10-07 02:02:46,913 - kedro.pipeline.node - INFO - Running node: creating_labels: create_labels([wdbc]) -> [labels]
2020-10-07 02:02:47,077 - kedro_tutorial.pipelines.data_engineering.nodes - INFO - Running 'create_labels' took 0.16 seconds
2020-10-07 02:02:47,078 - kedro_tutorial.pipelines.data_engineering.nodes - INFO - Running 'create_labels' took 0.16 seconds
2020-10-07 02:02:47,078 - kedro.io.data_catalog - INFO - Saving data to `labels` (CSVDataSet)...
2020-10-07 02:02:47,099 - kedro.runner.sequential_runner - INFO - Completed 1 out of 5 tasks
2020-10-07 02:02:47,100 - kedro.io.data_catalog - INFO - Loading data from `wdbc` (CSVDataSet)...
2020-10-07 02:02:47,110 - kedro.pipeline.node - INFO - Running node: creating_features: create_features([wdbc]) -> [features]
2020-10-07 02:02:47,111 - kedro_tutorial.pipelines.data_engineering.nodes - INFO - Running 'create_features' took 0.00 seconds
2020-10-07 02:02:47,112 - kedro_tutorial.pipelines.data_engineering.nodes - INFO - Running 'create_features' took 0.00 seconds
2020-10-07 02:02:47,112 - kedro.io.data_catalog - INFO - Saving data to `features` (CSVDataSet)...
2020-10-07 02:02:47,118 - kedro.runner.sequential_runner - INFO - Completed 2 out of 5 tasks
2020-10-07 02:02:47,119 - kedro.io.data_catalog - INFO - Loading data from `features` (CSVDataSet)...
2020-10-07 02:02:47,122 - kedro.io.data_catalog - INFO - Loading data from `labels` (CSVDataSet)...
2020-10-07 02:02:47,125 - kedro.io.data_catalog - INFO - Loading data from `parameters` (MemoryDataSet)...
2020-10-07 02:02:47,125 - kedro.pipeline.node - INFO - Running node: split_data([features,labels,parameters]) -> [X_test,X_train,y_test,y_train]
2020-10-07 02:02:47,145 - kedro_tutorial.pipelines.data_engineering.nodes - INFO - Running 'split_data' took 0.02 seconds
2020-10-07 02:02:47,145 - kedro.io.data_catalog - INFO - Saving data to `X_train` (MemoryDataSet)...
2020-10-07 02:02:47,145 - kedro.io.data_catalog - INFO - Saving data to `X_test` (MemoryDataSet)...
2020-10-07 02:02:47,145 - kedro.io.data_catalog - INFO - Saving data to `y_train` (MemoryDataSet)...
2020-10-07 02:02:47,146 - kedro.io.data_catalog - INFO - Saving data to `y_test` (MemoryDataSet)...
2020-10-07 02:02:47,146 - kedro.runner.sequential_runner - INFO - Completed 3 out of 5 tasks
2020-10-07 02:02:47,146 - kedro.io.data_catalog - INFO - Loading data from `X_train` (MemoryDataSet)...
2020-10-07 02:02:47,146 - kedro.io.data_catalog - INFO - Loading data from `y_train` (MemoryDataSet)...
2020-10-07 02:02:47,147 - kedro.pipeline.node - INFO - Running node: train_model([X_train,y_train]) -> [model]
2020-10-07 02:02:50,195 - kedro_tutorial.pipelines.data_engineering.nodes - INFO - Running 'train_model' took 3.05 seconds
2020-10-07 02:02:50,196 - kedro.io.data_catalog - INFO - Saving data to `model` (TensorFlowModelDataset)...
2020-10-07 02:02:50,459 - tensorflow - WARNING - From /home/neurlap/.pyenv/versions/kedro/lib/python3.8/site-packages/tensorflow/python/training/tracking/tracking.py:111: Model.state_updates (from tensorflow.python.keras.engine.training) is deprecated and will be removed in a future version.
Instructions for updating:
This property should not be used in TensorFlow 2.0, as updates are applied automatically.
2020-10-07 02:02:50,465 - tensorflow - WARNING - From /home/neurlap/.pyenv/versions/kedro/lib/python3.8/site-packages/tensorflow/python/training/tracking/tracking.py:111: Layer.updates (from tensorflow.python.keras.engine.base_layer) is deprecated and will be removed in a future version.
Instructions for updating:
This property should not be used in TensorFlow 2.0, as updates are applied automatically.
2020-10-07 02:02:51,263 - tensorflow - INFO - Assets written to: /tmp/kedro_tensorflow_tmp__vqcwxa/assets
2020-10-07 02:02:51,297 - kedro.runner.sequential_runner - INFO - Completed 4 out of 5 tasks
2020-10-07 02:02:51,297 - kedro.io.data_catalog - INFO - Loading data from `model` (TensorFlowModelDataset)...
2020-10-07 02:02:52,104 - kedro.io.data_catalog - INFO - Loading data from `X_test` (MemoryDataSet)...
2020-10-07 02:02:52,105 - kedro.io.data_catalog - INFO - Loading data from `y_test` (MemoryDataSet)...
2020-10-07 02:02:52,105 - kedro.pipeline.node - INFO - Running node: evaluate_model([X_test,model,y_test]) -> None
2020-10-07 02:02:52,346 - kedro_tutorial.pipelines.data_engineering.nodes - INFO - Running 'evaluate_model' took 0.24 seconds
2020-10-07 02:02:52,347 - kedro.runner.sequential_runner - INFO - Completed 5 out of 5 tasks
2020-10-07 02:02:52,347 - kedro.runner.sequential_runner - INFO - Pipeline execution completed successfully.
2020-10-07 02:07:39,919 - root - INFO - ** Kedro project kedro-tutorial
2020-10-07 02:07:40,245 - google.cloud.bigquery.opentelemetry_tracing - INFO - This service is instrumented using OpenTelemetry.OpenTelemetry could not be imported; pleaseadd opentelemetry-api and opentelemetry-instrumentationpackages in order to get BigQuery Tracing data.
2020-10-07 02:07:40,355 - kedro.io.data_catalog - INFO - Loading data from `wdbc` (CSVDataSet)...
2020-10-07 02:07:40,366 - kedro.pipeline.node - INFO - Running node: creating_features: create_features([wdbc]) -> [features]
2020-10-07 02:07:40,368 - kedro_tutorial.pipelines.data_engineering.nodes - INFO - Running 'create_features' took 0.00 seconds
2020-10-07 02:07:40,368 - kedro_tutorial.pipelines.data_engineering.nodes - INFO - Running 'create_features' took 0.00 seconds
2020-10-07 02:07:40,369 - kedro.io.data_catalog - INFO - Saving data to `features` (CSVDataSet)...
2020-10-07 02:07:40,376 - kedro.runner.sequential_runner - INFO - Completed 1 out of 5 tasks
2020-10-07 02:07:40,376 - kedro.io.data_catalog - INFO - Loading data from `wdbc` (CSVDataSet)...
2020-10-07 02:07:40,386 - kedro.pipeline.node - INFO - Running node: creating_labels: create_labels([wdbc]) -> [labels]
2020-10-07 02:07:40,387 - kedro_tutorial.pipelines.data_engineering.nodes - INFO - Running 'create_labels' took 0.00 seconds
2020-10-07 02:07:40,388 - kedro_tutorial.pipelines.data_engineering.nodes - INFO - Running 'create_labels' took 0.00 seconds
2020-10-07 02:07:40,388 - kedro.io.data_catalog - INFO - Saving data to `labels` (CSVDataSet)...
2020-10-07 02:07:40,391 - kedro.runner.sequential_runner - INFO - Completed 2 out of 5 tasks
2020-10-07 02:07:40,391 - kedro.io.data_catalog - INFO - Loading data from `features` (CSVDataSet)...
2020-10-07 02:07:40,394 - kedro.io.data_catalog - INFO - Loading data from `labels` (CSVDataSet)...
2020-10-07 02:07:40,397 - kedro.io.data_catalog - INFO - Loading data from `parameters` (MemoryDataSet)...
2020-10-07 02:07:40,397 - kedro.pipeline.node - INFO - Running node: split_data([features,labels,parameters]) -> [X_test,X_train,y_test,y_train]
2020-10-07 02:07:40,400 - kedro_tutorial.pipelines.data_engineering.nodes - INFO - Running 'split_data' took 0.00 seconds
2020-10-07 02:07:40,401 - kedro.io.data_catalog - INFO - Saving data to `X_train` (MemoryDataSet)...
2020-10-07 02:07:40,401 - kedro.io.data_catalog - INFO - Saving data to `X_test` (MemoryDataSet)...
2020-10-07 02:07:40,401 - kedro.io.data_catalog - INFO - Saving data to `y_train` (MemoryDataSet)...
2020-10-07 02:07:40,401 - kedro.io.data_catalog - INFO - Saving data to `y_test` (MemoryDataSet)...
2020-10-07 02:07:40,402 - kedro.runner.sequential_runner - INFO - Completed 3 out of 5 tasks
2020-10-07 02:07:40,402 - kedro.io.data_catalog - INFO - Loading data from `X_train` (MemoryDataSet)...
2020-10-07 02:07:40,402 - kedro.io.data_catalog - INFO - Loading data from `y_train` (MemoryDataSet)...
2020-10-07 02:07:40,403 - kedro.pipeline.node - INFO - Running node: train_model([X_train,y_train]) -> [model]
2020-10-07 02:07:41,625 - kedro_tutorial.pipelines.data_engineering.nodes - INFO - Running 'train_model' took 1.22 seconds
2020-10-07 02:07:41,625 - kedro.io.data_catalog - INFO - Saving data to `model` (TensorFlowModelDataset)...
2020-10-07 02:07:41,885 - tensorflow - WARNING - From /home/neurlap/.pyenv/versions/kedro/lib/python3.8/site-packages/tensorflow/python/training/tracking/tracking.py:111: Model.state_updates (from tensorflow.python.keras.engine.training) is deprecated and will be removed in a future version.
Instructions for updating:
This property should not be used in TensorFlow 2.0, as updates are applied automatically.
2020-10-07 02:07:41,890 - tensorflow - WARNING - From /home/neurlap/.pyenv/versions/kedro/lib/python3.8/site-packages/tensorflow/python/training/tracking/tracking.py:111: Layer.updates (from tensorflow.python.keras.engine.base_layer) is deprecated and will be removed in a future version.
Instructions for updating:
This property should not be used in TensorFlow 2.0, as updates are applied automatically.
2020-10-07 02:07:42,613 - tensorflow - INFO - Assets written to: /tmp/kedro_tensorflow_tmpmylat72y/assets
2020-10-07 02:07:42,646 - kedro.runner.sequential_runner - INFO - Completed 4 out of 5 tasks
2020-10-07 02:07:42,646 - kedro.io.data_catalog - INFO - Loading data from `model` (TensorFlowModelDataset)...
2020-10-07 02:07:43,257 - kedro.io.data_catalog - INFO - Loading data from `X_test` (MemoryDataSet)...
2020-10-07 02:07:43,258 - kedro.io.data_catalog - INFO - Loading data from `y_test` (MemoryDataSet)...
2020-10-07 02:07:43,258 - kedro.pipeline.node - INFO - Running node: evaluate_model([X_test,model,y_test]) -> None
2020-10-07 02:07:43,423 - kedro_tutorial.pipelines.data_science.nodes - INFO - Accuracy in the training set 0.000.
2020-10-07 02:07:43,423 - kedro_tutorial.pipelines.data_engineering.nodes - INFO - Running 'evaluate_model' took 0.16 seconds
2020-10-07 02:07:43,424 - kedro.runner.sequential_runner - INFO - Completed 5 out of 5 tasks
2020-10-07 02:07:43,424 - kedro.runner.sequential_runner - INFO - Pipeline execution completed successfully.
2020-10-07 02:09:56,297 - root - INFO - ** Kedro project kedro-tutorial
2020-10-07 02:09:56,633 - google.cloud.bigquery.opentelemetry_tracing - INFO - This service is instrumented using OpenTelemetry.OpenTelemetry could not be imported; pleaseadd opentelemetry-api and opentelemetry-instrumentationpackages in order to get BigQuery Tracing data.
2020-10-07 02:09:56,744 - kedro.io.data_catalog - INFO - Loading data from `wdbc` (CSVDataSet)...
2020-10-07 02:09:56,754 - kedro.pipeline.node - INFO - Running node: creating_features: create_features([wdbc]) -> [features]
2020-10-07 02:09:56,757 - kedro_tutorial.pipelines.data_engineering.nodes - INFO - Running 'create_features' took 0.00 seconds
2020-10-07 02:09:56,757 - kedro_tutorial.pipelines.data_engineering.nodes - INFO - Running 'create_features' took 0.00 seconds
2020-10-07 02:09:56,757 - kedro.io.data_catalog - INFO - Saving data to `features` (CSVDataSet)...
2020-10-07 02:09:56,765 - kedro.runner.sequential_runner - INFO - Completed 1 out of 5 tasks
2020-10-07 02:09:56,765 - kedro.io.data_catalog - INFO - Loading data from `wdbc` (CSVDataSet)...
2020-10-07 02:09:56,775 - kedro.pipeline.node - INFO - Running node: creating_labels: create_labels([wdbc]) -> [labels]
2020-10-07 02:09:56,776 - kedro_tutorial.pipelines.data_engineering.nodes - INFO - Running 'create_labels' took 0.00 seconds
2020-10-07 02:09:56,777 - kedro_tutorial.pipelines.data_engineering.nodes - INFO - Running 'create_labels' took 0.00 seconds
2020-10-07 02:09:56,777 - kedro.io.data_catalog - INFO - Saving data to `labels` (CSVDataSet)...
2020-10-07 02:09:56,780 - kedro.runner.sequential_runner - INFO - Completed 2 out of 5 tasks
2020-10-07 02:09:56,780 - kedro.io.data_catalog - INFO - Loading data from `features` (CSVDataSet)...
2020-10-07 02:09:56,784 - kedro.io.data_catalog - INFO - Loading data from `labels` (CSVDataSet)...
2020-10-07 02:09:56,786 - kedro.io.data_catalog - INFO - Loading data from `parameters` (MemoryDataSet)...
2020-10-07 02:09:56,787 - kedro.pipeline.node - INFO - Running node: split_data([features,labels,parameters]) -> [X_test,X_train,y_test,y_train]
2020-10-07 02:09:56,789 - kedro_tutorial.pipelines.data_engineering.nodes - INFO - Running 'split_data' took 0.00 seconds
2020-10-07 02:09:56,790 - kedro.io.data_catalog - INFO - Saving data to `X_train` (MemoryDataSet)...
2020-10-07 02:09:56,790 - kedro.io.data_catalog - INFO - Saving data to `X_test` (MemoryDataSet)...
2020-10-07 02:09:56,790 - kedro.io.data_catalog - INFO - Saving data to `y_train` (MemoryDataSet)...
2020-10-07 02:09:56,790 - kedro.io.data_catalog - INFO - Saving data to `y_test` (MemoryDataSet)...
2020-10-07 02:09:56,791 - kedro.runner.sequential_runner - INFO - Completed 3 out of 5 tasks
2020-10-07 02:09:56,791 - kedro.io.data_catalog - INFO - Loading data from `X_train` (MemoryDataSet)...
2020-10-07 02:09:56,791 - kedro.io.data_catalog - INFO - Loading data from `y_train` (MemoryDataSet)...
2020-10-07 02:09:56,791 - kedro.pipeline.node - INFO - Running node: train_model([X_train,y_train]) -> [model]
2020-10-07 02:09:58,085 - kedro_tutorial.pipelines.data_engineering.nodes - INFO - Running 'train_model' took 1.29 seconds
2020-10-07 02:09:58,085 - kedro.io.data_catalog - INFO - Saving data to `model` (TensorFlowModelDataset)...
2020-10-07 02:09:58,353 - tensorflow - WARNING - From /home/neurlap/.pyenv/versions/kedro/lib/python3.8/site-packages/tensorflow/python/training/tracking/tracking.py:111: Model.state_updates (from tensorflow.python.keras.engine.training) is deprecated and will be removed in a future version.
Instructions for updating:
This property should not be used in TensorFlow 2.0, as updates are applied automatically.
2020-10-07 02:09:58,359 - tensorflow - WARNING - From /home/neurlap/.pyenv/versions/kedro/lib/python3.8/site-packages/tensorflow/python/training/tracking/tracking.py:111: Layer.updates (from tensorflow.python.keras.engine.base_layer) is deprecated and will be removed in a future version.
Instructions for updating:
This property should not be used in TensorFlow 2.0, as updates are applied automatically.
2020-10-07 02:09:59,157 - tensorflow - INFO - Assets written to: /tmp/kedro_tensorflow_tmp4tr5n858/assets
2020-10-07 02:09:59,190 - kedro.runner.sequential_runner - INFO - Completed 4 out of 5 tasks
2020-10-07 02:09:59,191 - kedro.io.data_catalog - INFO - Loading data from `model` (TensorFlowModelDataset)...
2020-10-07 02:09:59,829 - kedro.io.data_catalog - INFO - Loading data from `X_test` (MemoryDataSet)...
2020-10-07 02:09:59,830 - kedro.io.data_catalog - INFO - Loading data from `y_test` (MemoryDataSet)...
2020-10-07 02:09:59,830 - kedro.pipeline.node - INFO - Running node: evaluate_model([X_test,model,y_test]) -> None
2020-10-07 02:10:00,091 - kedro_tutorial.pipelines.data_engineering.nodes - INFO - Running 'evaluate_model' took 0.26 seconds
2020-10-07 02:10:00,092 - kedro.runner.sequential_runner - INFO - Completed 5 out of 5 tasks
2020-10-07 02:10:00,092 - kedro.runner.sequential_runner - INFO - Pipeline execution completed successfully.
